--- Job Model_D2.gms Start 01/09/23 20:26:07 40.4.0 d540b52e WEX-WEI x86 64bit/MS Windows
--- Applying:
    C:\GAMS\40\gmsprmNT.txt
--- GAMS Parameters defined
    Input "C:\Users\chitr\OneDrive\Uddhav Working\Germany\OVGU\SEM-2\Master Seminar\Common Files\Gams_Files\Ottersleben\Model_D2.gms"
    PageSize 0
    ScrDir "C:\Users\chitr\OneDrive\Uddhav Working\Germany\OVGU\SEM-2\Master Seminar\Common Files\Gams_Files\Ottersleben\225a\"
    SysDir C:\GAMS\40\
    LogOption 3
    ErrMsg 1
    ErrorLog 99
    IDE 1
    LstTitleLeftAligned 1
Licensee: Course License                                 S220713|0002AO-GEN
          Otto-von-Guericke-Universitaet Magdeburg, W3 Operations MaDCE2242
          C:\Users\chitr\Documents\GAMS\gamslice.txt
          License Admin: Lorena Reyes-Rubiano, lorena.reyes@ovgu.de        
          Course license for use within the course and related course work
Processor information: 1 socket(s), 4 core(s), and 8 thread(s) available
GAMS 40.4.0   Copyright (C) 1987-2022 GAMS Development. All rights reserved
--- Starting compilation
--- Model_D2.gms(19) 3 Mb
--- call GDXXRW.EXE "C:\Users\chitr\OneDrive\Uddhav Working\Germany\OVGU\SEM-2\Master Seminar\Common Files\Gams_Files\Ottersleben\Matrix_Ottersleben.xlsx" par=Coverage rng=Data!b2:bm65 rdim=1 cdim= 1

GDXXRW           40.4.0 d540b52e Oct 3, 2022           VS8 x86 32bit/MS Window
Input file : C:\Users\chitr\OneDrive\Uddhav Working\Germany\OVGU\SEM-2\Master Seminar\Common Files\Gams_Files\Ottersleben\Matrix_Ottersleben.xlsx
Output file: C:\Users\chitr\OneDrive\Uddhav Working\Germany\OVGU\SEM-2\Master Seminar\Common Files\Gams_Files\Ottersleben\Matrix_Ottersleben.gdx
Total time = 4890 Ms
--- Model_D2.gms(20) 3 Mb
--- GDXin=C:\Users\chitr\OneDrive\Uddhav Working\Germany\OVGU\SEM-2\Master Seminar\Common Files\Gams_Files\Ottersleben\Matrix_Ottersleben.gdx
--- GDX File ($gdxIn) C:\Users\chitr\OneDrive\Uddhav Working\Germany\OVGU\SEM-2\Master Seminar\Common Files\Gams_Files\Ottersleben\Matrix_Ottersleben.gdx
--- Model_D2.gms(73) 3 Mb
--- Starting execution: elapsed 0:00:05.144
--- Model_D2.gms(54) 4 Mb
--- Generating MIP model FLP
--- Model_D2.gms(71) 5 Mb
---   3,784 rows  3,801 columns  8,196 non-zeroes
---   3,800 discrete-columns
--- Range statistics (absolute non-zero finite values)
--- RHS       [min, max] : [ 1.000E+00, 1.100E+01] - Zero values observed as well
--- Bound     [min, max] : [ 1.000E+00, 1.000E+00] - Zero values observed as well
--- Matrix    [min, max] : [ 2.660E-01, 1.770E+00]
--- Executing CPLEX (Solvelink=2): elapsed 0:00:05.214

IBM ILOG CPLEX   40.4.0 d540b52e Oct 3, 2022           WEI x86 64bit/MS Window

--- GAMS/Cplex licensed for continuous and discrete problems.
--- GMO setup time: 0.00s
--- Space for names approximately 0.15 Mb
--- Use option 'names no' to turn use of names off
--- GMO memory 1.37 Mb (peak 1.40 Mb)
--- Dictionary memory 0.00 Mb
--- Cplex 22.1.0.0 link memory 0.12 Mb (peak 0.43 Mb)
--- Starting Cplex

Version identifier: 22.1.0.0 | 2022-03-09 | 1a383f8ce
CPXPARAM_Advance                                 0
CPXPARAM_Threads                                 1
CPXPARAM_MIP_Display                             4
CPXPARAM_MIP_Pool_Capacity                       0
CPXPARAM_MIP_Tolerances_AbsMIPGap                0
Generic callback                                 0x50
Tried aggregator 2 times.
MIP Presolve eliminated 3358 rows and 3377 columns.
Aggregator did 61 substitutions.
Reduced MIP has 364 rows, 363 columns, and 1028 nonzeros.
Reduced MIP has 363 binaries, 0 generals, 0 SOSs, and 0 indicators.
Presolve time = 0.02 sec. (3.77 ticks)
Found incumbent of value 15.960000 after 0.02 sec. (5.29 ticks)
Probing time = 0.00 sec. (0.12 ticks)
Tried aggregator 1 time.
Detecting symmetries...
Reduced MIP has 364 rows, 363 columns, and 1028 nonzeros.
Reduced MIP has 363 binaries, 0 generals, 0 SOSs, and 0 indicators.
Presolve time = 0.00 sec. (0.93 ticks)
Probing time = 0.00 sec. (0.12 ticks)
Clique table members: 302.
MIP emphasis: balance optimality and feasibility.
MIP search method: dynamic search.
Parallel mode: none, using 1 thread.
Tried aggregator 1 time.
No LP presolve or aggregator reductions.
Presolve time = 0.00 sec. (0.16 ticks)

Iteration log . . .
Iteration:     1   Dual objective     =             0.266000
Iteration:   101   Dual objective     =            13.300000
Perturbation started.
Iteration:   153   Dual objective     =            13.300000
Iteration:   215   Dual objective     =            13.300010
Iteration:   277   Dual objective     =            13.300016
Removing perturbation.
Root relaxation solution time = 0.00 sec. (2.49 ticks)

        Nodes                                         Cuts/
   Node  Left     Objective  IInf  Best Integer    Best Bound    ItCnt     Gap

*     0+    0                           15.9600        0.0000           100.00%
Found incumbent of value 15.960000 after 0.03 sec. (9.46 ticks)
      0     0       13.3000    34       15.9600       13.3000      299   16.67%
*     0+    0                           13.3000       13.3000             0.00%
Found incumbent of value 13.300000 after 0.08 sec. (20.18 ticks)
      0     0        cutoff             13.3000       13.3000      299    0.00%
Elapsed time = 0.08 sec. (20.18 ticks, tree = 0.01 MB)

Root node processing (before b&c):
  Real time             =    0.08 sec. (20.23 ticks)
Sequential b&c:
  Real time             =    0.00 sec. (0.00 ticks)
                          ------------
Total (root+branch&cut) =    0.08 sec. (20.23 ticks)

--- MIP status (101): integer optimal solution.
--- Cplex Time: 0.08sec (det. 20.24 ticks)

--- Fixing integer variables and solving final LP...

Version identifier: 22.1.0.0 | 2022-03-09 | 1a383f8ce
CPXPARAM_Advance                                 2
CPXPARAM_Threads                                 1
CPXPARAM_MIP_Display                             4
CPXPARAM_MIP_Pool_Capacity                       0
CPXPARAM_MIP_Tolerances_AbsMIPGap                0
Tried aggregator 1 time.
LP Presolve eliminated 3783 rows and 3801 columns.
All rows and columns eliminated.
Presolve time = 0.00 sec. (1.50 ticks)

--- Fixed MIP status (1): optimal.
--- Cplex Time: 0.02sec (det. 2.65 ticks)


Proven optimal solution
MIP Solution:           13.300000    (299 iterations, 0 nodes)
Final Solve:            13.300000    (0 iterations)

Best possible:          13.300000
Absolute gap:            0.000000
Relative gap:            0.000000

--- Reading solution for model FLP
--- Executing after solve: elapsed 0:00:05.443
--- Model_D2.gms(72) 5 Mb
*** Status: Normal completion
--- Job Model_D2.gms Stop 01/09/23 20:26:12 elapsed 0:00:05.447
